This is pdfTeX, Version 3.1415926-2.5-1.40.14 (MiKTeX 2.9) (preloaded format=pdflatex 2014.1.17)  21 JAN 2014 16:56
entering extended mode
**BiDoctemplate.tex
(C:\Users\teiken\Documents\GitHub\BiDoc\BiDoctemplate\BiDoctemplate.tex
LaTeX2e <2011/06/27>
Babel <v3.8m> and hyphenation patterns for english, afrikaans, ancientgreek, ar
abic, armenian, assamese, basque, bengali, bokmal, bulgarian, catalan, coptic, 
croatian, czech, danish, dutch, esperanto, estonian, farsi, finnish, french, ga
lician, german, german-x-2013-05-26, greek, gujarati, hindi, hungarian, iceland
ic, indonesian, interlingua, irish, italian, kannada, kurmanji, latin, latvian,
 lithuanian, malayalam, marathi, mongolian, mongolianlmc, monogreek, ngerman, n
german-x-2013-05-26, nynorsk, oriya, panjabi, pinyin, polish, portuguese, roman
ian, russian, sanskrit, serbian, slovak, slovenian, spanish, swedish, swissgerm
an, tamil, telugu, turkish, turkmen, ukenglish, ukrainian, uppersorbian, usengl
ishmax, welsh, loaded.
("C:\Program Files (x86)\New folder\tex\latex\koma-script\scrartcl.cls"
Document Class: scrartcl 2013/12/19 v3.12 KOMA-Script document class (article)
("C:\Program Files (x86)\New folder\tex\latex\koma-script\scrkbase.sty"
Package: scrkbase 2013/12/19 v3.12 KOMA-Script package (KOMA-Script-dependent b
asics and keyval usage)

("C:\Program Files (x86)\New folder\tex\latex\koma-script\scrbase.sty"
Package: scrbase 2013/12/19 v3.12 KOMA-Script package (KOMA-Script-independent 
basics and keyval usage)

("C:\Program Files (x86)\New folder\tex\latex\graphics\keyval.sty"
Package: keyval 1999/03/16 v1.13 key=value parser (DPC)
\KV@toks@=\toks14
)
("C:\Program Files (x86)\New folder\tex\latex\koma-script\scrlfile.sty"
Package: scrlfile 2013/12/19 v3.12 KOMA-Script package (loading files)

Package scrlfile, 2013/12/19 v3.12 KOMA-Script package (loading files)
                  Copyright (C) Markus Kohm

))) ("C:\Program Files (x86)\New folder\tex\latex\koma-script\tocbasic.sty"
Package: tocbasic 2013/12/19 v3.12 KOMA-Script package (handling toc-files)
)
Package tocbasic Info: omitting babel extension for `toc'
(tocbasic)             because of feature `nobabel' available
(tocbasic)             for `toc' on input line 115.
Package tocbasic Info: omitting babel extension for `lof'
(tocbasic)             because of feature `nobabel' available
(tocbasic)             for `lof' on input line 116.
Package tocbasic Info: omitting babel extension for `lot'
(tocbasic)             because of feature `nobabel' available
(tocbasic)             for `lot' on input line 117.
Package scrartcl Info: You've used standard option `11pt'.
(scrartcl)             This is correct!
(scrartcl)             Internally I'm using `fontsize=11pt'.
(scrartcl)             If you'd like to set the option with \KOMAoptions,
(scrartcl)             you'd have to use `fontsize=11pt' there
(scrartcl)             instead of `11pt', too.
Class scrartcl Info: File `scrsize11pt.clo' used to setup font sizes on input l
ine 1531.

("C:\Program Files (x86)\New folder\tex\latex\koma-script\scrsize11pt.clo"
File: scrsize11pt.clo 2013/12/19 v3.12 KOMA-Script font size class option (11pt
)
)
("C:\Program Files (x86)\New folder\tex\latex\koma-script\typearea.sty"
Package: typearea 2013/12/19 v3.12 KOMA-Script package (type area)

Package typearea, 2013/12/19 v3.12 KOMA-Script package (type area)
                  Copyright (C) Frank Neukam, 1992-1994
                  Copyright (C) Markus Kohm, 1994-

\ta@bcor=\skip41
\ta@div=\count79
Package typearea Info: You've used standard option `a4paper'.
(typearea)             This is correct!
(typearea)             Internally I'm using `paper=a4'.
(typearea)             If you'd like to set the option with \KOMAoptions,
(typearea)             you'd have to use `paper=a4' there
(typearea)             instead of `a4paper', too.
\ta@hblk=\skip42
\ta@vblk=\skip43
\ta@temp=\skip44
\footheight=\skip45
Package typearea Info: These are the values describing the layout:
(typearea)             DIV  = 10
(typearea)             BCOR = 0.0pt
(typearea)             \paperwidth      = 597.50793pt
(typearea)              \textwidth      = 418.25555pt
(typearea)              DIV departure   = -6%
(typearea)              \evensidemargin = 17.3562pt
(typearea)              \oddsidemargin  = 17.3562pt
(typearea)             \paperheight     = 845.04694pt
(typearea)              \textheight     = 595.80026pt
(typearea)              \topmargin      = -25.16531pt
(typearea)              \headheight     = 17.0pt
(typearea)              \headsep        = 20.40001pt
(typearea)              \topskip        = 11.0pt
(typearea)              \footskip       = 47.6pt
(typearea)              \baselineskip   = 13.6pt
(typearea)              on input line 1330.
)
\c@part=\count80
\c@section=\count81
\c@subsection=\count82
\c@subsubsection=\count83
\c@paragraph=\count84
\c@subparagraph=\count85
\abovecaptionskip=\skip46
\belowcaptionskip=\skip47
\c@pti@nb@sid@b@x=\box26
\c@figure=\count86
\c@table=\count87
\bibindent=\dimen102
) ("C:\Program Files (x86)\New folder\tex\generic\babel\babel.sty"
Package: babel 2008/07/08 v3.8m The Babel package

*************************************
* Local config file bblopts.cfg used
*
("C:\Program Files (x86)\New folder\tex\latex\00miktex\bblopts.cfg"
File: bblopts.cfg 2006/07/31 v1.0 MiKTeX 'babel' configuration
)
("C:\Program Files (x86)\New folder\tex\generic\babel\ngermanb.ldf"
Language: ngermanb 2008/07/06 v2.6n new German support from the babel system

("C:\Program Files (x86)\New folder\tex\generic\babel\babel.def"
File: babel.def 2008/07/08 v3.8m Babel common definitions
\babel@savecnt=\count88
\U@D=\dimen103
)
\l@naustrian = a dialect from \language\l@ngerman 
Package babel Info: Making " an active character on input line 92.
))
("C:\Program Files (x86)\New folder\tex\latex\base\inputenc.sty"
Package: inputenc 2008/03/30 v1.1d Input encoding file
\inpenc@prehook=\toks15
\inpenc@posthook=\toks16

("C:\Program Files (x86)\New folder\tex\latex\base\latin1.def"
File: latin1.def 2008/03/30 v1.1d Input encoding file
))
("C:\Program Files (x86)\New folder\tex\latex\base\fontenc.sty"
Package: fontenc 2005/09/27 v1.99g Standard LaTeX package

("C:\Program Files (x86)\New folder\tex\latex\base\t1enc.def"
File: t1enc.def 2005/09/27 v1.99g Standard LaTeX file
LaTeX Font Info:    Redeclaring font encoding T1 on input line 43.
))
("C:\Program Files (x86)\New folder\tex\latex\base\makeidx.sty"
Package: makeidx 2000/03/29 v1.0m Standard LaTeX package
)
("C:\Program Files (x86)\New folder\tex\latex\psnfss\times.sty"
Package: times 2005/04/12 PSNFSS-v9.2a (SPQR) 
)
("C:\Program Files (x86)\New folder\tex\latex\tools\longtable.sty"
Package: longtable 2004/02/01 v4.11 Multi-page Table package (DPC)
\LTleft=\skip48
\LTright=\skip49
\LTpre=\skip50
\LTpost=\skip51
\LTchunksize=\count89
\LTcapwidth=\dimen104
\LT@head=\box27
\LT@firsthead=\box28
\LT@foot=\box29
\LT@lastfoot=\box30
\LT@cols=\count90
\LT@rows=\count91
\c@LT@tables=\count92
\c@LT@chunks=\count93
\LT@p@ftn=\toks17
)
Class scrartcl Info: longtable captions redefined on input line 8.

("C:\Program Files (x86)\New folder\tex\latex\graphics\graphics.sty"
Package: graphics 2009/02/05 v1.0o Standard LaTeX Graphics (DPC,SPQR)

("C:\Program Files (x86)\New folder\tex\latex\graphics\trig.sty"
Package: trig 1999/03/16 v1.09 sin cos tan (DPC)
)
("C:\Program Files (x86)\New folder\tex\latex\00miktex\graphics.cfg"
File: graphics.cfg 2007/01/18 v1.5 graphics configuration of teTeX/TeXLive
)
Package graphics Info: Driver file: pdftex.def on input line 91.

("C:\Program Files (x86)\New folder\tex\latex\pdftex-def\pdftex.def"
File: pdftex.def 2011/05/27 v0.06d Graphics/color for pdfTeX

("C:\Program Files (x86)\New folder\tex\generic\oberdiek\infwarerr.sty"
Package: infwarerr 2010/04/08 v1.3 Providing info/warning/error messages (HO)
)
("C:\Program Files (x86)\New folder\tex\generic\oberdiek\ltxcmds.sty"
Package: ltxcmds 2011/11/09 v1.22 LaTeX kernel commands for general use (HO)
)
\Gread@gobject=\count94
))
("C:\Program Files (x86)\New folder\tex\latex\tools\theorem.sty"
Package: theorem 1995/11/23 v2.2c Theorem extension package (FMi)
\theorem@style=\toks18
\theorem@bodyfont=\toks19
\theorempreskipamount=\skip52
\theorempostskipamount=\skip53

("C:\Program Files (x86)\New folder\tex\latex\tools\thp.sty"
File: thp.sty 1995/11/23 v2.2c Theorem extension package (FMi)
))
("C:\Program Files (x86)\New folder\tex\latex\bbding\bbding.sty"
Package: bbding 1999/04/15 v1.01 Dingbats symbols
)
("C:\Program Files (x86)\New folder\tex\latex\fancyvrb\fancyvrb.sty"
Package: fancyvrb 2008/02/07

Style option: `fancyvrb' v2.7a, with DG/SPQR fixes, and firstline=lastline fix 
<2008/02/07> (tvz)
\FV@CodeLineNo=\count95
\FV@InFile=\read1
\FV@TabBox=\box31
\c@FancyVerbLine=\count96
\FV@StepNumber=\count97
\FV@OutFile=\write3
)
("C:\Program Files (x86)\New folder\tex\latex\booktabs\booktabs.sty"
Package: booktabs 2005/04/14 v1.61803 publication quality tables
\heavyrulewidth=\dimen105
\lightrulewidth=\dimen106
\cmidrulewidth=\dimen107
\belowrulesep=\dimen108
\belowbottomsep=\dimen109
\aboverulesep=\dimen110
\abovetopsep=\dimen111
\cmidrulesep=\dimen112
\cmidrulekern=\dimen113
\defaultaddspace=\dimen114
\@cmidla=\count98
\@cmidlb=\count99
\@aboverulesep=\dimen115
\@belowrulesep=\dimen116
\@thisruleclass=\count100
\@lastruleclass=\count101
\@thisrulewidth=\dimen117
)
("C:\Program Files (x86)\New folder\tex\latex\tools\thb.sty"
File: thb.sty 1995/11/23 v2.2c Theorem extension package (FMi)
)
\c@mydef=\count102

("C:\Program Files (x86)\New folder\tex\latex\pgf\frontendlayer\tikz.sty"
("C:\Program Files (x86)\New folder\tex\latex\pgf\basiclayer\pgf.sty"
("C:\Program Files (x86)\New folder\tex\latex\pgf\utilities\pgfrcs.sty"
("C:\Program Files (x86)\New folder\tex\generic\pgf\utilities\pgfutil-common.te
x"
\pgfutil@everybye=\toks20
)
("C:\Program Files (x86)\New folder\tex\generic\pgf\utilities\pgfutil-latex.def
"
\pgfutil@abb=\box32
 ("C:\Program Files (x86)\New folder\tex\latex\ms\everyshi.sty"
Package: everyshi 2001/05/15 v3.00 EveryShipout Package (MS)
))
("C:\Program Files (x86)\New folder\tex\generic\pgf\utilities\pgfrcs.code.tex"
Package: pgfrcs 2010/10/25 v2.10 (rcs-revision 1.24)
))
Package: pgf 2008/01/15 v2.10 (rcs-revision 1.12)
 ("C:\Program Files (x86)\New folder\tex\latex\pgf\basiclayer\pgfcore.sty"
("C:\Program Files (x86)\New folder\tex\latex\graphics\graphicx.sty"
Package: graphicx 1999/02/16 v1.0f Enhanced LaTeX Graphics (DPC,SPQR)
\Gin@req@height=\dimen118
\Gin@req@width=\dimen119
)
("C:\Program Files (x86)\New folder\tex\latex\pgf\systemlayer\pgfsys.sty"
("C:\Program Files (x86)\New folder\tex\generic\pgf\systemlayer\pgfsys.code.tex
"
Package: pgfsys 2010/06/30 v2.10 (rcs-revision 1.37)
 ("C:\Program Files (x86)\New folder\tex\generic\pgf\utilities\pgfkeys.code.tex
"
\pgfkeys@pathtoks=\toks21
\pgfkeys@temptoks=\toks22

("C:\Program Files (x86)\New folder\tex\generic\pgf\utilities\pgfkeysfiltered.c
ode.tex"
\pgfkeys@tmptoks=\toks23
))
\pgf@x=\dimen120
\pgf@y=\dimen121
\pgf@xa=\dimen122
\pgf@ya=\dimen123
\pgf@xb=\dimen124
\pgf@yb=\dimen125
\pgf@xc=\dimen126
\pgf@yc=\dimen127
\w@pgf@writea=\write4
\r@pgf@reada=\read2
\c@pgf@counta=\count103
\c@pgf@countb=\count104
\c@pgf@countc=\count105
\c@pgf@countd=\count106

("C:\Program Files (x86)\New folder\tex\generic\pgf\systemlayer\pgf.cfg"
File: pgf.cfg 2008/05/14  (rcs-revision 1.7)
)
Package pgfsys Info: Driver file for pgf: pgfsys-pdftex.def on input line 900.

("C:\Program Files (x86)\New folder\tex\generic\pgf\systemlayer\pgfsys-pdftex.d
ef"
File: pgfsys-pdftex.def 2009/05/22  (rcs-revision 1.26)

("C:\Program Files (x86)\New folder\tex\generic\pgf\systemlayer\pgfsys-common-p
df.def"
File: pgfsys-common-pdf.def 2008/05/19  (rcs-revision 1.10)
)))
("C:\Program Files (x86)\New folder\tex\generic\pgf\systemlayer\pgfsyssoftpath.
code.tex"
File: pgfsyssoftpath.code.tex 2008/07/18  (rcs-revision 1.7)
\pgfsyssoftpath@smallbuffer@items=\count107
\pgfsyssoftpath@bigbuffer@items=\count108
)
("C:\Program Files (x86)\New folder\tex\generic\pgf\systemlayer\pgfsysprotocol.
code.tex"
File: pgfsysprotocol.code.tex 2006/10/16  (rcs-revision 1.4)
)) ("C:\Program Files (x86)\New folder\tex\latex\xcolor\xcolor.sty"
Package: xcolor 2007/01/21 v2.11 LaTeX color extensions (UK)

("C:\Program Files (x86)\New folder\tex\latex\00miktex\color.cfg"
File: color.cfg 2007/01/18 v1.5 color configuration of teTeX/TeXLive
)
Package xcolor Info: Driver file: pdftex.def on input line 225.
Package xcolor Info: Model `cmy' substituted by `cmy0' on input line 1337.
Package xcolor Info: Model `hsb' substituted by `rgb' on input line 1341.
Package xcolor Info: Model `RGB' extended on input line 1353.
Package xcolor Info: Model `HTML' substituted by `rgb' on input line 1355.
Package xcolor Info: Model `Hsb' substituted by `hsb' on input line 1356.
Package xcolor Info: Model `tHsb' substituted by `hsb' on input line 1357.
Package xcolor Info: Model `HSB' substituted by `hsb' on input line 1358.
Package xcolor Info: Model `Gray' substituted by `gray' on input line 1359.
Package xcolor Info: Model `wave' substituted by `hsb' on input line 1360.
)
("C:\Program Files (x86)\New folder\tex\generic\pgf\basiclayer\pgfcore.code.tex
"
Package: pgfcore 2010/04/11 v2.10 (rcs-revision 1.7)
 ("C:\Program Files (x86)\New folder\tex\generic\pgf\math\pgfmath.code.tex"
("C:\Program Files (x86)\New folder\tex\generic\pgf\math\pgfmathcalc.code.tex"
("C:\Program Files (x86)\New folder\tex\generic\pgf\math\pgfmathutil.code.tex")
("C:\Program Files (x86)\New folder\tex\generic\pgf\math\pgfmathparser.code.tex
"
\pgfmath@dimen=\dimen128
\pgfmath@count=\count109
\pgfmath@box=\box33
\pgfmath@toks=\toks24
\pgfmath@stack@operand=\toks25
\pgfmath@stack@operation=\toks26
)
("C:\Program Files (x86)\New folder\tex\generic\pgf\math\pgfmathfunctions.code.
tex"
("C:\Program Files (x86)\New folder\tex\generic\pgf\math\pgfmathfunctions.basic
.code.tex")
("C:\Program Files (x86)\New folder\tex\generic\pgf\math\pgfmathfunctions.trigo
nometric.code.tex")
("C:\Program Files (x86)\New folder\tex\generic\pgf\math\pgfmathfunctions.rando
m.code.tex")
("C:\Program Files (x86)\New folder\tex\generic\pgf\math\pgfmathfunctions.compa
rison.code.tex")
("C:\Program Files (x86)\New folder\tex\generic\pgf\math\pgfmathfunctions.base.
code.tex")
("C:\Program Files (x86)\New folder\tex\generic\pgf\math\pgfmathfunctions.round
.code.tex")
("C:\Program Files (x86)\New folder\tex\generic\pgf\math\pgfmathfunctions.misc.
code.tex")))
("C:\Program Files (x86)\New folder\tex\generic\pgf\math\pgfmathfloat.code.tex"
\c@pgfmathroundto@lastzeros=\count110
))
("C:\Program Files (x86)\New folder\tex\generic\pgf\basiclayer\pgfcorepoints.co
de.tex"
File: pgfcorepoints.code.tex 2010/04/09  (rcs-revision 1.20)
\pgf@picminx=\dimen129
\pgf@picmaxx=\dimen130
\pgf@picminy=\dimen131
\pgf@picmaxy=\dimen132
\pgf@pathminx=\dimen133
\pgf@pathmaxx=\dimen134
\pgf@pathminy=\dimen135
\pgf@pathmaxy=\dimen136
\pgf@xx=\dimen137
\pgf@xy=\dimen138
\pgf@yx=\dimen139
\pgf@yy=\dimen140
\pgf@zx=\dimen141
\pgf@zy=\dimen142
)
("C:\Program Files (x86)\New folder\tex\generic\pgf\basiclayer\pgfcorepathconst
ruct.code.tex"
File: pgfcorepathconstruct.code.tex 2010/08/03  (rcs-revision 1.24)
\pgf@path@lastx=\dimen143
\pgf@path@lasty=\dimen144
)
("C:\Program Files (x86)\New folder\tex\generic\pgf\basiclayer\pgfcorepathusage
.code.tex"
File: pgfcorepathusage.code.tex 2008/04/22  (rcs-revision 1.12)
\pgf@shorten@end@additional=\dimen145
\pgf@shorten@start@additional=\dimen146
)
("C:\Program Files (x86)\New folder\tex\generic\pgf\basiclayer\pgfcorescopes.co
de.tex"
File: pgfcorescopes.code.tex 2010/09/08  (rcs-revision 1.34)
\pgfpic=\box34
\pgf@hbox=\box35
\pgf@layerbox@main=\box36
\pgf@picture@serial@count=\count111
)
("C:\Program Files (x86)\New folder\tex\generic\pgf\basiclayer\pgfcoregraphicst
ate.code.tex"
File: pgfcoregraphicstate.code.tex 2008/04/22  (rcs-revision 1.9)
\pgflinewidth=\dimen147
)
("C:\Program Files (x86)\New folder\tex\generic\pgf\basiclayer\pgfcoretransform
ations.code.tex"
File: pgfcoretransformations.code.tex 2009/06/10  (rcs-revision 1.11)
\pgf@pt@x=\dimen148
\pgf@pt@y=\dimen149
\pgf@pt@temp=\dimen150
)
("C:\Program Files (x86)\New folder\tex\generic\pgf\basiclayer\pgfcorequick.cod
e.tex"
File: pgfcorequick.code.tex 2008/10/09  (rcs-revision 1.3)
)
("C:\Program Files (x86)\New folder\tex\generic\pgf\basiclayer\pgfcoreobjects.c
ode.tex"
File: pgfcoreobjects.code.tex 2006/10/11  (rcs-revision 1.2)
)
("C:\Program Files (x86)\New folder\tex\generic\pgf\basiclayer\pgfcorepathproce
ssing.code.tex"
File: pgfcorepathprocessing.code.tex 2008/10/09  (rcs-revision 1.8)
)
("C:\Program Files (x86)\New folder\tex\generic\pgf\basiclayer\pgfcorearrows.co
de.tex"
File: pgfcorearrows.code.tex 2008/04/23  (rcs-revision 1.11)
)
("C:\Program Files (x86)\New folder\tex\generic\pgf\basiclayer\pgfcoreshade.cod
e.tex"
File: pgfcoreshade.code.tex 2008/11/23  (rcs-revision 1.13)
\pgf@max=\dimen151
\pgf@sys@shading@range@num=\count112
)
("C:\Program Files (x86)\New folder\tex\generic\pgf\basiclayer\pgfcoreimage.cod
e.tex"
File: pgfcoreimage.code.tex 2010/03/25  (rcs-revision 1.16)

("C:\Program Files (x86)\New folder\tex\generic\pgf\basiclayer\pgfcoreexternal.
code.tex"
File: pgfcoreexternal.code.tex 2010/09/01  (rcs-revision 1.17)
\pgfexternal@startupbox=\box37
))
("C:\Program Files (x86)\New folder\tex\generic\pgf\basiclayer\pgfcorelayers.co
de.tex"
File: pgfcorelayers.code.tex 2010/08/27  (rcs-revision 1.2)
)
("C:\Program Files (x86)\New folder\tex\generic\pgf\basiclayer\pgfcoretranspare
ncy.code.tex"
File: pgfcoretransparency.code.tex 2008/01/17  (rcs-revision 1.2)
)
("C:\Program Files (x86)\New folder\tex\generic\pgf\basiclayer\pgfcorepatterns.
code.tex"
File: pgfcorepatterns.code.tex 2009/07/02  (rcs-revision 1.3)
)))
("C:\Program Files (x86)\New folder\tex\generic\pgf\modules\pgfmoduleshapes.cod
e.tex"
File: pgfmoduleshapes.code.tex 2010/09/09  (rcs-revision 1.13)
\pgfnodeparttextbox=\box38
)
("C:\Program Files (x86)\New folder\tex\generic\pgf\modules\pgfmoduleplot.code.
tex"
File: pgfmoduleplot.code.tex 2010/10/22  (rcs-revision 1.8)
)
("C:\Program Files (x86)\New folder\tex\latex\pgf\compatibility\pgfcomp-version
-0-65.sty"
Package: pgfcomp-version-0-65 2007/07/03 v2.10 (rcs-revision 1.7)
\pgf@nodesepstart=\dimen152
\pgf@nodesepend=\dimen153
)
("C:\Program Files (x86)\New folder\tex\latex\pgf\compatibility\pgfcomp-version
-1-18.sty"
Package: pgfcomp-version-1-18 2007/07/23 v2.10 (rcs-revision 1.1)
))
("C:\Program Files (x86)\New folder\tex\latex\pgf\utilities\pgffor.sty"
("C:\Program Files (x86)\New folder\tex\latex\pgf\utilities\pgfkeys.sty"
("C:\Program Files (x86)\New folder\tex\generic\pgf\utilities\pgfkeys.code.tex"
)) ("C:\Program Files (x86)\New folder\tex\generic\pgf\utilities\pgffor.code.te
x"
Package: pgffor 2010/03/23 v2.10 (rcs-revision 1.18)
\pgffor@iter=\dimen154
\pgffor@skip=\dimen155
\pgffor@stack=\toks27
\pgffor@toks=\toks28
))
("C:\Program Files (x86)\New folder\tex\generic\pgf\frontendlayer\tikz\tikz.cod
e.tex"
Package: tikz 2010/10/13 v2.10 (rcs-revision 1.76)

("C:\Program Files (x86)\New folder\tex\generic\pgf\libraries\pgflibraryplothan
dlers.code.tex"
File: pgflibraryplothandlers.code.tex 2010/05/31 v2.10 (rcs-revision 1.15)
\pgf@plot@mark@count=\count113
\pgfplotmarksize=\dimen156
)
\tikz@lastx=\dimen157
\tikz@lasty=\dimen158
\tikz@lastxsaved=\dimen159
\tikz@lastysaved=\dimen160
\tikzleveldistance=\dimen161
\tikzsiblingdistance=\dimen162
\tikz@figbox=\box39
\tikz@tempbox=\box40
\tikztreelevel=\count114
\tikznumberofchildren=\count115
\tikznumberofcurrentchild=\count116
\tikz@fig@count=\count117

("C:\Program Files (x86)\New folder\tex\generic\pgf\modules\pgfmodulematrix.cod
e.tex"
File: pgfmodulematrix.code.tex 2010/08/24  (rcs-revision 1.4)
\pgfmatrixcurrentrow=\count118
\pgfmatrixcurrentcolumn=\count119
\pgf@matrix@numberofcolumns=\count120
)
\tikz@expandcount=\count121

("C:\Program Files (x86)\New folder\tex\generic\pgf\frontendlayer\tikz\librarie
s\tikzlibrarytopaths.code.tex"
File: tikzlibrarytopaths.code.tex 2008/06/17 v2.10 (rcs-revision 1.2)
)))
("C:\Program Files (x86)\New folder\tex\generic\pgf\frontendlayer\tikz\librarie
s\tikzlibraryshapes.code.tex"
File: tikzlibraryshapes.code.tex 2008/01/09 v2.10 (rcs-revision 1.1)

("C:\Program Files (x86)\New folder\tex\generic\pgf\frontendlayer\tikz\librarie
s\tikzlibraryshapes.geometric.code.tex"
File: tikzlibraryshapes.geometric.code.tex 2008/01/09 v2.10 (rcs-revision 1.1)

("C:\Program Files (x86)\New folder\tex\generic\pgf\libraries\shapes\pgflibrary
shapes.geometric.code.tex"
File: pgflibraryshapes.geometric.code.tex 2008/06/26 v2.10 (rcs-revision 1.1)
))
("C:\Program Files (x86)\New folder\tex\generic\pgf\frontendlayer\tikz\librarie
s\tikzlibraryshapes.misc.code.tex"
File: tikzlibraryshapes.misc.code.tex 2008/01/09 v2.10 (rcs-revision 1.1)

("C:\Program Files (x86)\New folder\tex\generic\pgf\libraries\shapes\pgflibrary
shapes.misc.code.tex"
File: pgflibraryshapes.misc.code.tex 2008/10/07 v2.10 (rcs-revision 1.3)
))
("C:\Program Files (x86)\New folder\tex\generic\pgf\frontendlayer\tikz\librarie
s\tikzlibraryshapes.symbols.code.tex"
File: tikzlibraryshapes.symbols.code.tex 2008/01/09 v2.10 (rcs-revision 1.1)

("C:\Program Files (x86)\New folder\tex\generic\pgf\libraries\shapes\pgflibrary
shapes.symbols.code.tex"
File: pgflibraryshapes.symbols.code.tex 2009/10/27 v2.10 (rcs-revision 1.3)
))
("C:\Program Files (x86)\New folder\tex\generic\pgf\frontendlayer\tikz\librarie
s\tikzlibraryshapes.arrows.code.tex"
File: tikzlibraryshapes.arrows.code.tex 2008/01/09 v2.10 (rcs-revision 1.1)

("C:\Program Files (x86)\New folder\tex\generic\pgf\libraries\shapes\pgflibrary
shapes.arrows.code.tex"
File: pgflibraryshapes.arrows.code.tex 2008/06/26 v2.10 (rcs-revision 1.1)
))
("C:\Program Files (x86)\New folder\tex\generic\pgf\frontendlayer\tikz\librarie
s\tikzlibraryshapes.callouts.code.tex"
("C:\Program Files (x86)\New folder\tex\generic\pgf\libraries\shapes\pgflibrary
shapes.callouts.code.tex"))
("C:\Program Files (x86)\New folder\tex\generic\pgf\frontendlayer\tikz\librarie
s\tikzlibraryshapes.multipart.code.tex"
File: tikzlibraryshapes.multipart.code.tex 2008/01/09 v2.10 (rcs-revision 1.1)

("C:\Program Files (x86)\New folder\tex\generic\pgf\libraries\shapes\pgflibrary
shapes.multipart.code.tex"
File: pgflibraryshapes.multipart.code.tex 2010/01/07 v2.10 (rcs-revision 1.2)
\pgfnodepartlowerbox=\box41
\pgfnodeparttwobox=\box42
\pgfnodepartthreebox=\box43
\pgfnodepartfourbox=\box44
\pgfnodeparttwentybox=\box45
\pgfnodepartnineteenbox=\box46
\pgfnodeparteighteenbox=\box47
\pgfnodepartseventeenbox=\box48
\pgfnodepartsixteenbox=\box49
\pgfnodepartfifteenbox=\box50
\pgfnodepartfourteenbox=\box51
\pgfnodepartthirteenbox=\box52
\pgfnodeparttwelvebox=\box53
\pgfnodepartelevenbox=\box54
\pgfnodeparttenbox=\box55
\pgfnodepartninebox=\box56
\pgfnodeparteightbox=\box57
\pgfnodepartsevenbox=\box58
\pgfnodepartsixbox=\box59
\pgfnodepartfivebox=\box60
)))
("C:\Program Files (x86)\New folder\tex\generic\pgf\frontendlayer\tikz\librarie
s\tikzlibraryarrows.code.tex"
File: tikzlibraryarrows.code.tex 2008/01/09 v2.10 (rcs-revision 1.1)

("C:\Program Files (x86)\New folder\tex\generic\pgf\libraries\pgflibraryarrows.
code.tex"
File: pgflibraryarrows.code.tex 2008/10/27 v2.10 (rcs-revision 1.9)
\arrowsize=\dimen163
)) ("C:\Program Files (x86)\New folder\tex\latex\listings\listings.sty"
\lst@mode=\count122
\lst@gtempboxa=\box61
\lst@token=\toks29
\lst@length=\count123
\lst@currlwidth=\dimen164
\lst@column=\count124
\lst@pos=\count125
\lst@lostspace=\dimen165
\lst@width=\dimen166
\lst@newlines=\count126
\lst@lineno=\count127
\lst@maxwidth=\dimen167
 ("C:\Program Files (x86)\New folder\tex\latex\listings\lstmisc.sty"
File: lstmisc.sty 2013/08/26 1.5b (Carsten Heinz)
\c@lstnumber=\count128
\lst@skipnumbers=\count129
\lst@framebox=\box62
)
("C:\Program Files (x86)\New folder\tex\latex\listings\listings.cfg"
File: listings.cfg 2013/08/26 1.5b listings configuration
))
Package: listings 2013/08/26 1.5b (Carsten Heinz)

("C:\Program Files (x86)\New folder\tex\latex\subfigure\subfigure.sty"
Package: subfigure 2002/07/30 v2.1.4 subfigure package
\subfigtopskip=\skip54
\subfigcapskip=\skip55
\subfigcaptopadj=\dimen168
\subfigbottomskip=\skip56
\subfigcapmargin=\dimen169
\subfiglabelskip=\skip57
\c@subfigure=\count130
\c@lofdepth=\count131
\c@subtable=\count132
\c@lotdepth=\count133

****************************************
* Local config file subfigure.cfg used *
****************************************
("C:\Program Files (x86)\New folder\tex\latex\subfigure\subfigure.cfg")
\subfig@top=\skip58
\subfig@bottom=\skip59
)
("C:\Program Files (x86)\New folder\tex\latex\multirow\multirow.sty"
\bigstrutjot=\dimen170
)
("C:\Program Files (x86)\New folder\tex\latex\url\url.sty"
\Urlmuskip=\muskip10
Package: url 2013/09/16  ver 3.4  Verb mode for urls, etc.
)
("C:\Program Files (x86)\New folder\tex\latex\amsfonts\amssymb.sty"
Package: amssymb 2013/01/14 v3.01 AMS font symbols

("C:\Program Files (x86)\New folder\tex\latex\amsfonts\amsfonts.sty"
Package: amsfonts 2013/01/14 v3.01 Basic AMSFonts support
\@emptytoks=\toks30
\symAMSa=\mathgroup4
\symAMSb=\mathgroup5
LaTeX Font Info:    Overwriting math alphabet `\mathfrak' in version `bold'
(Font)                  U/euf/m/n --> U/euf/b/n on input line 106.
))
("C:\Program Files (x86)\New folder\tex\latex\amsmath\amsmath.sty"
Package: amsmath 2013/01/14 v2.14 AMS math features
\@mathmargin=\skip60

For additional information on amsmath, use the `?' option.
("C:\Program Files (x86)\New folder\tex\latex\amsmath\amstext.sty"
Package: amstext 2000/06/29 v2.01

("C:\Program Files (x86)\New folder\tex\latex\amsmath\amsgen.sty"
File: amsgen.sty 1999/11/30 v2.0
\@emptytoks=\toks31
\ex@=\dimen171
))
("C:\Program Files (x86)\New folder\tex\latex\amsmath\amsbsy.sty"
Package: amsbsy 1999/11/29 v1.2d
\pmbraise@=\dimen172
)
("C:\Program Files (x86)\New folder\tex\latex\amsmath\amsopn.sty"
Package: amsopn 1999/12/14 v2.01 operator names
)
\inf@bad=\count134
LaTeX Info: Redefining \frac on input line 210.
\uproot@=\count135
\leftroot@=\count136
LaTeX Info: Redefining \overline on input line 306.
\classnum@=\count137
\DOTSCASE@=\count138
LaTeX Info: Redefining \ldots on input line 378.
LaTeX Info: Redefining \dots on input line 381.
LaTeX Info: Redefining \cdots on input line 466.
\Mathstrutbox@=\box63
\strutbox@=\box64
\big@size=\dimen173
LaTeX Font Info:    Redeclaring font encoding OML on input line 566.
LaTeX Font Info:    Redeclaring font encoding OMS on input line 567.
\macc@depth=\count139
\c@MaxMatrixCols=\count140
\dotsspace@=\muskip11
\c@parentequation=\count141
\dspbrk@lvl=\count142
\tag@help=\toks32
\row@=\count143
\column@=\count144
\maxfields@=\count145
\andhelp@=\toks33
\eqnshift@=\dimen174
\alignsep@=\dimen175
\tagshift@=\dimen176
\tagwidth@=\dimen177
\totwidth@=\dimen178
\lineht@=\dimen179
\@envbody=\toks34
\multlinegap=\skip61
\multlinetaggap=\skip62
\mathdisplay@stack=\toks35
LaTeX Info: Redefining \[ on input line 2665.
LaTeX Info: Redefining \] on input line 2666.
)
("C:\Program Files (x86)\New folder\tex\latex\boxedminipage\boxedminipage.sty")
("C:\Program Files (x86)\New folder\tex\latex\tools\multicol.sty"
Package: multicol 2011/06/27 v1.7a multicolumn formatting (FMi)
\c@tracingmulticols=\count146
\mult@box=\box65
\multicol@leftmargin=\dimen180
\c@unbalance=\count147
\c@collectmore=\count148
\doublecol@number=\count149
\multicoltolerance=\count150
\multicolpretolerance=\count151
\full@width=\dimen181
\page@free=\dimen182
\premulticols=\dimen183
\postmulticols=\dimen184
\multicolsep=\skip63
\multicolbaselineskip=\skip64
\partial@page=\box66
\last@line=\box67
\mult@rightbox=\box68
\mult@grightbox=\box69
\mult@gfirstbox=\box70
\mult@firstbox=\box71
\@tempa=\box72
\@tempa=\box73
\@tempa=\box74
\@tempa=\box75
\@tempa=\box76
\@tempa=\box77
\@tempa=\box78
\@tempa=\box79
\@tempa=\box80
\@tempa=\box81
\@tempa=\box82
\@tempa=\box83
\@tempa=\box84
\@tempa=\box85
\@tempa=\box86
\@tempa=\box87
\@tempa=\box88
\c@columnbadness=\count152
\c@finalcolumnbadness=\count153
\last@try=\dimen185
\multicolovershoot=\dimen186
\multicolundershoot=\dimen187
\mult@nat@firstbox=\box89
\colbreak@box=\box90
\multicol@sort@counter=\count154
)
("C:\Program Files (x86)\New folder\tex\latex\hyperref\hyperref.sty"
Package: hyperref 2012/11/06 v6.83m Hypertext links for LaTeX

("C:\Program Files (x86)\New folder\tex\generic\oberdiek\hobsub-hyperref.sty"
Package: hobsub-hyperref 2012/04/25 v1.12 Bundle oberdiek, subset hyperref (HO)


("C:\Program Files (x86)\New folder\tex\generic\oberdiek\hobsub-generic.sty"
Package: hobsub-generic 2012/04/25 v1.12 Bundle oberdiek, subset generic (HO)
Package: hobsub 2012/04/25 v1.12 Construct package bundles (HO)
Package hobsub Info: Skipping package `infwarerr' (already loaded).
Package hobsub Info: Skipping package `ltxcmds' (already loaded).
Package: ifluatex 2010/03/01 v1.3 Provides the ifluatex switch (HO)
Package ifluatex Info: LuaTeX not detected.
Package: ifvtex 2010/03/01 v1.5 Detect VTeX and its facilities (HO)
Package ifvtex Info: VTeX not detected.
Package: intcalc 2007/09/27 v1.1 Expandable calculations with integers (HO)
Package: ifpdf 2011/01/30 v2.3 Provides the ifpdf switch (HO)
Package ifpdf Info: pdfTeX in PDF mode is detected.
Package: etexcmds 2011/02/16 v1.5 Avoid name clashes with e-TeX commands (HO)
Package etexcmds Info: Could not find \expanded.
(etexcmds)             That can mean that you are not using pdfTeX 1.50 or
(etexcmds)             that some package has redefined \expanded.
(etexcmds)             In the latter case, load this package earlier.
Package: kvsetkeys 2012/04/25 v1.16 Key value parser (HO)
Package: kvdefinekeys 2011/04/07 v1.3 Define keys (HO)
Package: pdftexcmds 2011/11/29 v0.20 Utility functions of pdfTeX for LuaTeX (HO
)
Package pdftexcmds Info: LuaTeX not detected.
Package pdftexcmds Info: \pdf@primitive is available.
Package pdftexcmds Info: \pdf@ifprimitive is available.
Package pdftexcmds Info: \pdfdraftmode found.
Package: pdfescape 2011/11/25 v1.13 Implements pdfTeX's escape features (HO)
Package: bigintcalc 2012/04/08 v1.3 Expandable calculations on big integers (HO
)
Package: bitset 2011/01/30 v1.1 Handle bit-vector datatype (HO)
Package: uniquecounter 2011/01/30 v1.2 Provide unlimited unique counter (HO)
)
Package hobsub Info: Skipping package `hobsub' (already loaded).
Package: letltxmacro 2010/09/02 v1.4 Let assignment for LaTeX macros (HO)
Package: hopatch 2011/06/24 v1.1 Wrapper for package hooks (HO)
Package: xcolor-patch 2011/01/30 xcolor patch
Package: atveryend 2011/06/30 v1.8 Hooks at the very end of document (HO)
Package atveryend Info: \enddocument detected (standard20110627).
Package: atbegshi 2011/10/05 v1.16 At begin shipout hook (HO)
Package: refcount 2011/10/16 v3.4 Data extraction from label references (HO)
Package: hycolor 2011/01/30 v1.7 Color options for hyperref/bookmark (HO)
)
("C:\Program Files (x86)\New folder\tex\generic\ifxetex\ifxetex.sty"
Package: ifxetex 2010/09/12 v0.6 Provides ifxetex conditional
)
("C:\Program Files (x86)\New folder\tex\latex\oberdiek\auxhook.sty"
Package: auxhook 2011/03/04 v1.3 Hooks for auxiliary files (HO)
)
("C:\Program Files (x86)\New folder\tex\latex\oberdiek\kvoptions.sty"
Package: kvoptions 2011/06/30 v3.11 Key value format for package options (HO)
)
\@linkdim=\dimen188
\Hy@linkcounter=\count155
\Hy@pagecounter=\count156

("C:\Program Files (x86)\New folder\tex\latex\hyperref\pd1enc.def"
File: pd1enc.def 2012/11/06 v6.83m Hyperref: PDFDocEncoding definition (HO)
)
\Hy@SavedSpaceFactor=\count157

("C:\Program Files (x86)\New folder\tex\latex\00miktex\hyperref.cfg"
File: hyperref.cfg 2002/06/06 v1.2 hyperref configuration of TeXLive
)
Package hyperref Info: Option `breaklinks' set `true' on input line 4319.
Package hyperref Info: Hyper figures OFF on input line 4443.
Package hyperref Info: Link nesting OFF on input line 4448.
Package hyperref Info: Hyper index ON on input line 4451.
Package hyperref Info: Plain pages OFF on input line 4458.
Package hyperref Info: Backreferencing OFF on input line 4463.
Package hyperref Info: Implicit mode ON; LaTeX internals redefined.
Package hyperref Info: Bookmarks ON on input line 4688.
\c@Hy@tempcnt=\count158
LaTeX Info: Redefining \url on input line 5041.
\XeTeXLinkMargin=\dimen189
\Fld@menulength=\count159
\Field@Width=\dimen190
\Fld@charsize=\dimen191
Package hyperref Info: Hyper figures OFF on input line 6295.
Package hyperref Info: Link nesting OFF on input line 6300.
Package hyperref Info: Hyper index ON on input line 6303.
Package hyperref Info: backreferencing OFF on input line 6310.
Package hyperref Info: Link coloring OFF on input line 6315.
Package hyperref Info: Link coloring with OCG OFF on input line 6320.
Package hyperref Info: PDF/A mode OFF on input line 6325.
LaTeX Info: Redefining \ref on input line 6365.
LaTeX Info: Redefining \pageref on input line 6369.
\Hy@abspage=\count160
\c@Item=\count161
\c@Hfootnote=\count162
)

Package hyperref Message: Driver (autodetected): hpdftex.

("C:\Program Files (x86)\New folder\tex\latex\hyperref\hpdftex.def"
File: hpdftex.def 2012/11/06 v6.83m Hyperref driver for pdfTeX
\Fld@listcount=\count163
\c@bookmark@seq@number=\count164

("C:\Program Files (x86)\New folder\tex\latex\oberdiek\rerunfilecheck.sty"
Package: rerunfilecheck 2011/04/15 v1.7 Rerun checks for auxiliary files (HO)
Package uniquecounter Info: New unique counter `rerunfilecheck' on input line 2
82.
)
\Hy@SectionHShift=\skip65
)
("C:\Program Files (x86)\New folder\tex\latex\float\float.sty"
Package: float 2001/11/08 v1.3d Float enhancements (AL)
\c@float@type=\count165
\float@exts=\toks36
\float@box=\box91
\@float@everytoks=\toks37
\@floatcapt=\box92
)
\@float@every@IDL=\toks38
\c@IDL=\count166
\@indexfile=\write5

Writing index file BiDoctemplate.idx
(C:\Users\teiken\Documents\GitHub\BiDoc\BiDoctemplate\BiDoctemplate.aux)
LaTeX Font Info:    Checking defaults for OML/cmm/m/it on input line 133.
LaTeX Font Info:    ... okay on input line 133.
LaTeX Font Info:    Checking defaults for T1/cmr/m/n on input line 133.
LaTeX Font Info:    ... okay on input line 133.
LaTeX Font Info:    Checking defaults for OT1/cmr/m/n on input line 133.
LaTeX Font Info:    ... okay on input line 133.
LaTeX Font Info:    Checking defaults for OMS/cmsy/m/n on input line 133.
LaTeX Font Info:    ... okay on input line 133.
LaTeX Font Info:    Checking defaults for OMX/cmex/m/n on input line 133.
LaTeX Font Info:    ... okay on input line 133.
LaTeX Font Info:    Checking defaults for U/cmr/m/n on input line 133.
LaTeX Font Info:    ... okay on input line 133.
LaTeX Font Info:    Checking defaults for PD1/pdf/m/n on input line 133.
LaTeX Font Info:    ... okay on input line 133.
LaTeX Font Info:    Try loading font information for T1+ptm on input line 133.

("C:\Program Files (x86)\New folder\tex\latex\psnfss\t1ptm.fd"
File: t1ptm.fd 2001/06/04 font definitions for T1/ptm.
)
("C:\Program Files (x86)\New folder\tex\context\base\supp-pdf.mkii"
[Loading MPS to PDF converter (version 2006.09.02).]
\scratchcounter=\count167
\scratchdimen=\dimen192
\scratchbox=\box93
\nofMPsegments=\count168
\nofMParguments=\count169
\everyMPshowfont=\toks39
\MPscratchCnt=\count170
\MPscratchDim=\dimen193
\MPnumerator=\count171
\makeMPintoPDFobject=\count172
\everyMPtoPDFconversion=\toks40
) ABD: EveryShipout initializing macros
\c@lstlisting=\count173
\AtBeginShipoutBox=\box94
Package hyperref Info: Link coloring OFF on input line 133.

("C:\Program Files (x86)\New folder\tex\latex\hyperref\nameref.sty"
Package: nameref 2012/10/27 v2.43 Cross-referencing by name of section

("C:\Program Files (x86)\New folder\tex\generic\oberdiek\gettitlestring.sty"
Package: gettitlestring 2010/12/03 v1.4 Cleanup title references (HO)
)
\c@section@level=\count174
)
LaTeX Info: Redefining \ref on input line 133.
LaTeX Info: Redefining \pageref on input line 133.
LaTeX Info: Redefining \nameref on input line 133.

(C:\Users\teiken\Documents\GitHub\BiDoc\BiDoctemplate\BiDoctemplate.out)
(C:\Users\teiken\Documents\GitHub\BiDoc\BiDoctemplate\BiDoctemplate.out)
\@outlinefile=\write6
LaTeX Font Info:    Try loading font information for T1+phv on input line 142.

("C:\Program Files (x86)\New folder\tex\latex\psnfss\t1phv.fd"
File: t1phv.fd 2001/06/04 scalable font definitions for T1/phv.
)
LaTeX Font Info:    Font shape `T1/phv/bx/n' in size <10.95> not available
(Font)              Font shape `T1/phv/b/n' tried instead on input line 142.
LaTeX Font Info:    Font shape `T1/phv/bx/n' in size <20.74> not available
(Font)              Font shape `T1/phv/b/n' tried instead on input line 142.
LaTeX Font Info:    Try loading font information for U+msa on input line 142.

("C:\Program Files (x86)\New folder\tex\latex\amsfonts\umsa.fd"
File: umsa.fd 2013/01/14 v3.01 AMS symbols A
)
LaTeX Font Info:    Try loading font information for U+msb on input line 142.

("C:\Program Files (x86)\New folder\tex\latex\amsfonts\umsb.fd"
File: umsb.fd 2013/01/14 v3.01 AMS symbols B
) [1




{C:/Users/teiken/AppData/Local/MiKTeX/2.9/pdftex/config/pdftex.map}]
(C:\Users\teiken\Documents\GitHub\BiDoc\BiDoctemplate\doku/Einleitung.tex
LaTeX Font Info:    Font shape `T1/phv/bx/n' in size <14.4> not available
(Font)              Font shape `T1/phv/b/n' tried instead on input line 1.
)
(C:\Users\teiken\Documents\GitHub\BiDoc\BiDoctemplate\doku/Architektur.tex
LaTeX Font Info:    Font shape `T1/phv/bx/n' in size <12> not available
(Font)              Font shape `T1/phv/b/n' tried instead on input line 10.
LaTeX Font Info:    Font shape `T1/ptm/bx/n' in size <10.95> not available
(Font)              Font shape `T1/ptm/b/n' tried instead on input line 11.

Underfull \hbox (badness 10000) in paragraph at lines 11--16

 []


Underfull \hbox (badness 10000) in paragraph at lines 11--16

 []

pdfTeX warning (ext4): destination with the same identifier (name{page.1}) has 
been already used, duplicate ignored
<to be read again> 
                   \relax 
l.33 \subsection
                {Kodierung} [1


]
Underfull \hbox (badness 10000) in paragraph at lines 35--36

 []


<doku/Bilder/DataProfilingTaskSampleVollstaendigkeitUndStrukturSISS.PNG, id=127
, 456.5055pt x 340.8735pt>
File: doku/Bilder/DataProfilingTaskSampleVollstaendigkeitUndStrukturSISS.PNG Gr
aphic file (type png)

<use doku/Bilder/DataProfilingTaskSampleVollstaendigkeitUndStrukturSISS.PNG>
Package pdftex.def Info: doku/Bilder/DataProfilingTaskSampleVollstaendigkeitUnd
StrukturSISS.PNG used on input line 42.
(pdftex.def)             Requested size: 418.25555pt x 312.31229pt.

[2pdfTeX warning (ext4): destination with the same identifier (name{figure.1}) 
has been already used, duplicate ignored

\@EveryShipout@Output ...@Org@Shipout \box \@cclv 
                                                  
l.46 \paragraph
               {Verwendete Logging Tabellen} <C:/Users/teiken/Documents/GitHub/
BiDoc/BiDoctemplate/doku/Bilder/DataProfilingTaskSampleVollstaendigkeitUndStruk
turSISS.PNG>] <doku/Bilder/LoggingTables.png, id=136, 378.213pt x 405.31425pt>
File: doku/Bilder/LoggingTables.png Graphic file (type png)

<use doku/Bilder/LoggingTables.png>
Package pdftex.def Info: doku/Bilder/LoggingTables.png used on input line 49.
(pdftex.def)             Requested size: 292.7776pt x 313.77515pt.
 [3pdfTeX warning (ext4): destination with the same identifier (name{figure.2})
 has been already used, duplicate ignored

\@EveryShipout@Output ...@Org@Shipout \box \@cclv 
                                                  
l.70 \textbf{Fachliche Beschreibung: }
                                      wenn ein ICD 40 oder 50 lautet dann ka...
 <C:/Users/teiken/Documents/GitHub/BiDoc/BiDoctemplate/doku/Bilder/LoggingTable
s.png>])
(C:\Users\teiken\Documents\GitHub\BiDoc\BiDoctemplate\doku/Architektur_und_Prog
rammierrichtlinien.tex
Underfull \hbox (badness 10000) in paragraph at lines 70--1

 []


LaTeX Warning: Reference `DustinRyan' on page 4 undefined on input line 7.

("C:\Program Files (x86)\New folder\tex\latex\listings\lstlang1.sty"
File: lstlang1.sty 2013/08/26 1.5b listings language file
)
Underfull \hbox (badness 10000) in paragraph at lines 27--28

 []

[4] <doku/Bilder/KnowledgeGender.PNG, id=158, 640.19176pt x 366.77025pt>
File: doku/Bilder/KnowledgeGender.PNG Graphic file (type png)

<use doku/Bilder/KnowledgeGender.PNG>
Package pdftex.def Info: doku/Bilder/KnowledgeGender.PNG used on input line 33.

(pdftex.def)             Requested size: 334.60571pt x 191.6954pt.

<doku/Bilder/SISS_DQS_Task.PNG, id=162, 520.344pt x 428.19975pt>
File: doku/Bilder/SISS_DQS_Task.PNG Graphic file (type png)

<use doku/Bilder/SISS_DQS_Task.PNG>
Package pdftex.def Info: doku/Bilder/SISS_DQS_Task.PNG used on input line 42.
(pdftex.def)             Requested size: 418.25555pt x 344.20677pt.

<doku/Bilder/DQS_Result.PNG, id=163, 625.1355pt x 40.953pt>
File: doku/Bilder/DQS_Result.PNG Graphic file (type png)

<use doku/Bilder/DQS_Result.PNG>
Package pdftex.def Info: doku/Bilder/DQS_Result.PNG used on input line 49.
(pdftex.def)             Requested size: 418.25555pt x 27.40022pt.
) [5pdfTeX warning (ext4): destination with the same identifier (name{figure.3}
) has been already used, duplicate ignored

\@EveryShipout@Output ...@Org@Shipout \box \@cclv 
                                                  
l.222 \cleardoublepage
                       <C:/Users/teiken/Documents/GitHub/BiDoc/BiDoctemplate/do
ku/Bilder/KnowledgeGender.PNG>] [6pdfTeX warning (ext4): destination with the s
ame identifier (name{figure.4}) has been already used, duplicate ignored

\@EveryShipout@Output ...@Org@Shipout \box \@cclv 
                                                  
l.222 \cleardoublepage
                      pdfTeX warning (ext4): destination with the same identifi
er (name{figure.5}) has been already used, duplicate ignored

\@EveryShipout@Output ...@Org@Shipout \box \@cclv 
                                                  
l.222 \cleardoublepage
                       <C:/Users/teiken/Documents/GitHub/BiDoc/BiDoctemplate/do
ku/Bilder/SISS_DQS_Task.PNG> <C:/Users/teiken/Documents/GitHub/BiDoc/BiDoctempl
ate/doku/Bilder/DQS_Result.PNG>]
(C:\Users\teiken\Documents\GitHub\BiDoc\BiDoctemplate\BiDoctemplate.bbl)
(C:\Users\teiken\Documents\GitHub\BiDoc\BiDoctemplate\BiDoctemplate.ind
[7




])
Package atveryend Info: Empty hook `BeforeClearDocument' on input line 242.
Package atveryend Info: Empty hook `AfterLastShipout' on input line 242.
 (C:\Users\teiken\Documents\GitHub\BiDoc\BiDoctemplate\BiDoctemplate.aux)
Package atveryend Info: Executing hook `AtVeryEndDocument' on input line 242.
Package atveryend Info: Executing hook `AtEndAfterFileList' on input line 242.
Package rerunfilecheck Info: File `BiDoctemplate.out' has not changed.
(rerunfilecheck)             Checksum: 6D00FB9508DB51ACDCD29DEB33642576;1720.


LaTeX Warning: There were undefined references.

Package atveryend Info: Empty hook `AtVeryVeryEnd' on input line 242.
 ) 
Here is how much of TeX's memory you used:
 21192 strings out of 493921
 384617 string characters out of 3144873
 537911 words of memory out of 3000000
 23997 multiletter control sequences out of 15000+200000
 45763 words of font info for 76 fonts, out of 3000000 for 9000
 841 hyphenation exceptions out of 8191
 65i,8n,71p,671b,1298s stack positions out of 5000i,500n,10000p,200000b,50000s
{C:/Program Files (x86)/New folder/fonts/enc/dvips/fontname/8r.enc}<C:/Progra
m Files (x86)/New folder/fonts/type1/urw/helvetic/uhvb8a.pfb><C:/Program Files 
(x86)/New folder/fonts/type1/urw/times/utmb8a.pfb><C:/Program Files (x86)/New f
older/fonts/type1/urw/times/utmr8a.pfb><C:/Program Files (x86)/New folder/fonts
/type1/urw/times/utmri8a.pfb>
Output written on BiDoctemplate.pdf (8 pages, 316524 bytes).
PDF statistics:
 217 PDF objects out of 1000 (max. 8388607)
 50 named destinations out of 1000 (max. 500000)
 254 words of extra memory for PDF output out of 10000 (max. 10000000)

